<?xml version="1.0" encoding="UTF-8"?>
<testsuite xmlns:xsi="http://www.w3.org/2001/XMLSchema-instance" xsi:noNamespaceSchemaLocation="https://maven.apache.org/surefire/maven-surefire-plugin/xsd/surefire-test-report-3.0.xsd" version="3.0" name="runners.TestRunner" time="17.574" tests="3" errors="0" skipped="2" failures="0">
  <properties>
[...]
</properties>
  <testcase name="Example #1.1" classname="Examples" time="16.626">
    <system-out><![CDATA[
@AGREGAR
Scenario Outline: agregar nuevo usuario                                               &amp#27;[90m# features/AgregarUsuario.feature:13&amp#27;[0m
  &amp#27;[32mGiven &amp#27;[0m&amp#27;[32mabro la url de orange&amp#27;[0m                                                         &amp#27;[90m# stepsDefinition.StepsOrangeDefinitions.abroLaUrLOrange()&amp#27;[0m
  &amp#27;[32mGiven &amp#27;[0m&amp#27;[32mingreso usuario &amp#27;[0m&amp#27;[32m&amp#27;[1m"Admin"&amp#27;[0m&amp#27;[32m y contraseña &amp#27;[0m&amp#27;[32m&amp#27;[1m"admin123"&amp#27;[0m&amp#27;[32m y doy click en iniciar sesion&amp#27;[0m &amp#27;[90m# stepsDefinition.StepsOrangeDefinitions.ingresoCredencialesInicioSesion(java.lang.String,java.lang.String)&amp#27;[0m
Login Correcto
  &amp#27;[32mThen &amp#27;[0m&amp#27;[32mValido ingreso de login&amp#27;[0m                                                        &amp#27;[90m# stepsDefinition.StepsOrangeDefinitions.validacionLoginOrange()&amp#27;[0m
  &amp#27;[32mGiven &amp#27;[0m&amp#27;[32mingreso al menu &amp#27;[0m&amp#27;[32m&amp#27;[1m"PIM"&amp#27;[0m&amp#27;[32m y agrego le doy click al boton add&amp#27;[0m                      &amp#27;[90m# stepsDefinition.StepsOrangeDefinitions.seleccionMenuAdd(java.lang.String)&amp#27;[0m
  &amp#27;[32mThen &amp#27;[0m&amp#27;[32mingreso los datos &amp#27;[0m&amp#27;[32m&amp#27;[1m"Josei"&amp#27;[0m&amp#27;[32m &amp#27;[0m&amp#27;[32m&amp#27;[1m"Garcia"&amp#27;[0m&amp#27;[32m &amp#27;[0m&amp#27;[32m&amp#27;[1m"Enabled"&amp#27;[0m&amp#27;[32m &amp#27;[0m&amp#27;[32m&amp#27;[1m"JoseiPrueba"&amp#27;[0m&amp#27;[32m &amp#27;[0m&amp#27;[32m&amp#27;[1m"HappyTesting123"&amp#27;[0m   &amp#27;[90m# stepsDefinition.StepsOrangeDefinitions.ingresoNuevoUsuario(java.lang.String,java.lang.String,java.lang.String,java.lang.String,java.lang.String)&amp#27;[0m
]]></system-out>
    <system-err><![CDATA[nov. 06, 2025 2:59:31 P. M. org.openqa.selenium.devtools.CdpVersionFinder findNearestMatch
WARNING: Unable to find CDP implementation matching 141
nov. 06, 2025 2:59:31 P. M. org.openqa.selenium.chromium.ChromiumDriver lambda$new$5
WARNING: Unable to find version of CDP to use for 141.0.7390.123. You may need to include a dependency on a specific version of the CDP using something similar to `org.seleniumhq.selenium:selenium-devtools-v86:4.20.0` where the version ("v86") matches the version of the chromium-based browser you're using and the version number of the artifact is the same as Selenium's.
]]></system-err>
  </testcase>
  <testcase name="El usuario utiliza el filtro para visualizar unicamente los usuarios que tienen el rol de Admin" classname="set de caso de prueba para las validaciones en orange" time="0.0">
    <skipped message="&apos;cucumber.filter.tags=@AGREGAR&apos; did not match this scenario"/>
  </testcase>
  <testcase name="El usuario procede a ingresar a la plataforma desde la vista principal" classname="set de caso de prueba para validacion del login en orange" time="0.0">
    <skipped message="&apos;cucumber.filter.tags=@AGREGAR&apos; did not match this scenario"/>
  </testcase>
</testsuite>